CRITICAL - 2022-12-03 23:35:32 --> The framework needs the following extension(s) installed and loaded: mbstring.
in SYSTEMPATH/CodeIgniter.php on line 224.
 1 SYSTEMPATH/CodeIgniter.php(224): CodeIgniter\Exceptions\FrameworkException::forMissingExtension()
 2 SYSTEMPATH/CodeIgniter.php(182): CodeIgniter\CodeIgniter->resolvePlatformExtensions()
 3 ROOTPATH/spark(83): CodeIgniter\CodeIgniter->initialize()
CRITICAL - 2022-12-03 23:35:32 --> Uncaught Error: Call to undefined function CodeIgniter\CLI\mb_strpos() in /opt/lampp/htdocs/enjoy/system/CLI/CLI.php:776
Stack trace:
#0 /opt/lampp/htdocs/enjoy/system/CLI/CLI.php(161): CodeIgniter\CLI\CLI::parseCommandLine()
#1 /opt/lampp/htdocs/enjoy/system/CLI/CLI.php(1018): CodeIgniter\CLI\CLI::init()
#2 /opt/lampp/htdocs/enjoy/system/Autoloader/Autoloader.php(282): include_once('...')
#3 /opt/lampp/htdocs/enjoy/system/Autoloader/Autoloader.php(259): CodeIgniter\Autoloader\Autoloader->includeFile()
#4 /opt/lampp/htdocs/enjoy/system/Autoloader/Autoloader.php(237): CodeIgniter\Autoloader\Autoloader->loadInNamespace()
#5 /opt/lampp/htdocs/enjoy/app/Views/errors/cli/error_exception.php(6): CodeIgniter\Autoloader\Autoloader->loadClass()
#6 /opt/lampp/htdocs/enjoy/system/Debug/Exceptions.php(284): include('...')
#7 /opt/lampp/htdocs/enjoy/system/Debug/Exceptions.php(287): CodeIgniter\Debug\Exceptions->CodeIgniter\Debug\{closure}()
#8 /opt/lampp/htdocs/enjoy/system/Debug/Exceptions.php(139): CodeIgniter\Debug\Exceptions->render()
#9 [internal function]: CodeIgniter\Debug\Exceptions->exceptionHandler()
#10 {main}
  thrown
in SYSTEMPATH/CLI/CLI.php on line 776.
 1 [internal function]: CodeIgniter\Debug\Exceptions->shutdownHandler()
CRITICAL - 2022-12-03 23:35:54 --> The framework needs the following extension(s) installed and loaded: mbstring.
in SYSTEMPATH/CodeIgniter.php on line 224.
 1 SYSTEMPATH/CodeIgniter.php(224): CodeIgniter\Exceptions\FrameworkException::forMissingExtension()
 2 SYSTEMPATH/CodeIgniter.php(182): CodeIgniter\CodeIgniter->resolvePlatformExtensions()
 3 ROOTPATH/spark(83): CodeIgniter\CodeIgniter->initialize()
CRITICAL - 2022-12-03 23:35:54 --> Uncaught Error: Call to undefined function CodeIgniter\CLI\mb_strpos() in /opt/lampp/htdocs/enjoy/system/CLI/CLI.php:776
Stack trace:
#0 /opt/lampp/htdocs/enjoy/system/CLI/CLI.php(161): CodeIgniter\CLI\CLI::parseCommandLine()
#1 /opt/lampp/htdocs/enjoy/system/CLI/CLI.php(1018): CodeIgniter\CLI\CLI::init()
#2 /opt/lampp/htdocs/enjoy/system/Autoloader/Autoloader.php(282): include_once('...')
#3 /opt/lampp/htdocs/enjoy/system/Autoloader/Autoloader.php(259): CodeIgniter\Autoloader\Autoloader->includeFile()
#4 /opt/lampp/htdocs/enjoy/system/Autoloader/Autoloader.php(237): CodeIgniter\Autoloader\Autoloader->loadInNamespace()
#5 /opt/lampp/htdocs/enjoy/app/Views/errors/cli/error_exception.php(6): CodeIgniter\Autoloader\Autoloader->loadClass()
#6 /opt/lampp/htdocs/enjoy/system/Debug/Exceptions.php(284): include('...')
#7 /opt/lampp/htdocs/enjoy/system/Debug/Exceptions.php(287): CodeIgniter\Debug\Exceptions->CodeIgniter\Debug\{closure}()
#8 /opt/lampp/htdocs/enjoy/system/Debug/Exceptions.php(139): CodeIgniter\Debug\Exceptions->render()
#9 [internal function]: CodeIgniter\Debug\Exceptions->exceptionHandler()
#10 {main}
  thrown
in SYSTEMPATH/CLI/CLI.php on line 776.
 1 [internal function]: CodeIgniter\Debug\Exceptions->shutdownHandler()
